# JRE version: OpenJDK Runtime Environment (8.0_212-b04) (build 1.8.0_212-release-1586-b04)
# Java VM: OpenJDK 64-Bit Server VM (25.212-b04 mixed mode windows-amd64 compressed oops)
Heap:
 PSYoungGen      total 487424K, used 173859K [0x00000000e0000000, 0x0000000100000000, 0x0000000100000000)
  eden space 451584K, 32% used [0x00000000e0000000,0x00000000e9180c10,0x00000000fb900000)
  from space 35840K, 69% used [0x00000000fdd00000,0x00000000ff548088,0x0000000100000000)
  to   space 36352K, 0% used [0x00000000fb900000,0x00000000fb900000,0x00000000fdc80000)
 ParOldGen       total 226816K, used 79071K [0x00000000a0000000, 0x00000000add80000, 0x00000000e0000000)
  object space 226816K, 34% used [0x00000000a0000000,0x00000000a4d37dd8,0x00000000add80000)
 Metaspace       used 100755K, capacity 106600K, committed 106880K, reserved 1142784K
  class space    used 13042K, capacity 14144K, committed 14208K, reserved 1048576K
GC Heap History (10 events):
Event: 5135.228 GC heap before
{Heap before GC invocations=22 (full 4):
 PSYoungGen      total 400384K, used 378175K [0x00000000e0000000, 0x00000000fd680000, 0x0000000100000000)
  eden space 360960K, 100% used [0x00000000e0000000,0x00000000f6080000,0x00000000f6080000)
  from space 39424K, 43% used [0x00000000f6080000,0x00000000f714fff8,0x00000000f8700000)
  to   space 37376K, 0% used [0x00000000fb200000,0x00000000fb200000,0x00000000fd680000)
 ParOldGen       total 226816K, used 79039K [0x00000000a0000000, 0x00000000add80000, 0x00000000e0000000)
  object space 226816K, 34% used [0x00000000a0000000,0x00000000a4d2fdd8,0x00000000add80000)
 Metaspace       used 100246K, capacity 105924K, committed 106112K, reserved 1140736K
  class space    used 13004K, capacity 14102K, committed 14208K, reserved 1048576K
Event: 5136.461 GC heap after
Heap after GC invocations=22 (full 4):
 PSYoungGen      total 366080K, used 17435K [0x00000000e0000000, 0x00000000fc380000, 0x0000000100000000)
  eden space 348160K, 0% used [0x00000000e0000000,0x00000000e0000000,0x00000000f5400000)
  from space 17920K, 97% used [0x00000000fb200000,0x00000000fc306c40,0x00000000fc380000)
  to   space 35328K, 0% used [0x00000000f7e80000,0x00000000f7e80000,0x00000000fa100000)
 ParOldGen       total 226816K, used 79047K [0x00000000a0000000, 0x00000000add80000, 0x00000000e0000000)
  object space 226816K, 34% used [0x00000000a0000000,0x00000000a4d31dd8,0x00000000add80000)
 Metaspace       used 100246K, capacity 105924K, committed 106112K, reserved 1140736K
  class space    used 13004K, capacity 14102K, committed 14208K, reserved 1048576K
}
Event: 5142.226 GC heap before
{Heap before GC invocations=23 (full 4):
 PSYoungGen      total 366080K, used 365595K [0x00000000e0000000, 0x00000000fc380000, 0x0000000100000000)
  eden space 348160K, 100% used [0x00000000e0000000,0x00000000f5400000,0x00000000f5400000)
  from space 17920K, 97% used [0x00000000fb200000,0x00000000fc306c40,0x00000000fc380000)
  to   space 35328K, 0% used [0x00000000f7e80000,0x00000000f7e80000,0x00000000fa100000)
 ParOldGen       total 226816K, used 79047K [0x00000000a0000000, 0x00000000add80000, 0x00000000e0000000)
  object space 226816K, 34% used [0x00000000a0000000,0x00000000a4d31dd8,0x00000000add80000)
 Metaspace       used 100493K, capacity 106204K, committed 106368K, reserved 1140736K
  class space    used 13024K, capacity 14114K, committed 14208K, reserved 1048576K
Event: 5142.373 GC heap after
Heap after GC invocations=23 (full 4):
 PSYoungGen      total 427008K, used 20653K [0x00000000e0000000, 0x00000000fca00000, 0x0000000100000000)
  eden space 391680K, 0% used [0x00000000e0000000,0x00000000e0000000,0x00000000f7e80000)
  from space 35328K, 58% used [0x00000000f7e80000,0x00000000f92ab680,0x00000000fa100000)
  to   space 35328K, 0% used [0x00000000fa780000,0x00000000fa780000,0x00000000fca00000)
 ParOldGen       total 226816K, used 79055K [0x00000000a0000000, 0x00000000add80000, 0x00000000e0000000)
  object space 226816K, 34% used [0x00000000a0000000,0x00000000a4d33dd8,0x00000000add80000)
 Metaspace       used 100493K, capacity 106204K, committed 106368K, reserved 1140736K
  class space    used 13024K, capacity 14114K, committed 14208K, reserved 1048576K
}
Event: 5152.631 GC heap before
{Heap before GC invocations=24 (full 4):
 PSYoungGen      total 427008K, used 412333K [0x00000000e0000000, 0x00000000fca00000, 0x0000000100000000)
  eden space 391680K, 100% used [0x00000000e0000000,0x00000000f7e80000,0x00000000f7e80000)
  from space 35328K, 58% used [0x00000000f7e80000,0x00000000f92ab680,0x00000000fa100000)
  to   space 35328K, 0% used [0x00000000fa780000,0x00000000fa780000,0x00000000fca00000)
 ParOldGen       total 226816K, used 79055K [0x00000000a0000000, 0x00000000add80000, 0x00000000e0000000)
  object space 226816K, 34% used [0x00000000a0000000,0x00000000a4d33dd8,0x00000000add80000)
 Metaspace       used 100622K, capacity 106348K, committed 106624K, reserved 1142784K
  class space    used 13027K, capacity 14116K, committed 14208K, reserved 1048576K
Event: 5153.034 GC heap after
Heap after GC invocations=24 (full 4):
 PSYoungGen      total 435200K, used 18437K [0x00000000e0000000, 0x00000000ffd00000, 0x0000000100000000)
  eden space 399872K, 0% used [0x00000000e0000000,0x00000000e0000000,0x00000000f8680000)
  from space 35328K, 52% used [0x00000000fa780000,0x00000000fb981568,0x00000000fca00000)
  to   space 33792K, 0% used [0x00000000f8680000,0x00000000f8680000,0x00000000fa780000)
 ParOldGen       total 226816K, used 79063K [0x00000000a0000000, 0x00000000add80000, 0x00000000e0000000)
  object space 226816K, 34% used [0x00000000a0000000,0x00000000a4d35dd8,0x00000000add80000)
 Metaspace       used 100622K, capacity 106348K, committed 106624K, reserved 1142784K
  class space    used 13027K, capacity 14116K, committed 14208K, reserved 1048576K
}
Event: 5157.264 GC heap before
{Heap before GC invocations=25 (full 4):
 PSYoungGen      total 435200K, used 418309K [0x00000000e0000000, 0x00000000ffd00000, 0x0000000100000000)
  eden space 399872K, 100% used [0x00000000e0000000,0x00000000f8680000,0x00000000f8680000)
  from space 35328K, 52% used [0x00000000fa780000,0x00000000fb981568,0x00000000fca00000)
  to   space 33792K, 0% used [0x00000000f8680000,0x00000000f8680000,0x00000000fa780000)
 ParOldGen       total 226816K, used 79063K [0x00000000a0000000, 0x00000000add80000, 0x00000000e0000000)
  object space 226816K, 34% used [0x00000000a0000000,0x00000000a4d35dd8,0x00000000add80000)
 Metaspace       used 100657K, capacity 106364K, committed 106624K, reserved 1142784K
  class space    used 13027K, capacity 14116K, committed 14208K, reserved 1048576K
Event: 5157.325 GC heap after
Heap after GC invocations=25 (full 4):
 PSYoungGen      total 433664K, used 26936K [0x00000000e0000000, 0x0000000100000000, 0x0000000100000000)
  eden space 399872K, 0% used [0x00000000e0000000,0x00000000e0000000,0x00000000f8680000)
  from space 33792K, 79% used [0x00000000f8680000,0x00000000fa0ce320,0x00000000fa780000)
  to   space 35840K, 0% used [0x00000000fdd00000,0x00000000fdd00000,0x0000000100000000)
 ParOldGen       total 226816K, used 79063K [0x00000000a0000000, 0x00000000add80000, 0x00000000e0000000)
  object space 226816K, 34% used [0x00000000a0000000,0x00000000a4d35dd8,0x00000000add80000)
 Metaspace       used 100657K, capacity 106364K, committed 106624K, reserved 1142784K
  class space    used 13027K, capacity 14116K, committed 14208K, reserved 1048576K
}
Event: 5162.566 GC heap before
{Heap before GC invocations=26 (full 4):
 PSYoungGen      total 433664K, used 426808K [0x00000000e0000000, 0x0000000100000000, 0x0000000100000000)
  eden space 399872K, 100% used [0x00000000e0000000,0x00000000f8680000,0x00000000f8680000)
  from space 33792K, 79% used [0x00000000f8680000,0x00000000fa0ce320,0x00000000fa780000)
  to   space 35840K, 0% used [0x00000000fdd00000,0x00000000fdd00000,0x0000000100000000)
 ParOldGen       total 226816K, used 79063K [0x00000000a0000000, 0x00000000add80000, 0x00000000e0000000)
  object space 226816K, 34% used [0x00000000a0000000,0x00000000a4d35dd8,0x00000000add80000)
 Metaspace       used 100709K, capacity 106482K, committed 106624K, reserved 1142784K
  class space    used 13037K, capacity 14135K, committed 14208K, reserved 1048576K
Event: 5162.621 GC heap after
Heap after GC invocations=26 (full 4):
 PSYoungGen      total 487424K, used 24864K [0x00000000e0000000, 0x0000000100000000, 0x0000000100000000)
  eden space 451584K, 0% used [0x00000000e0000000,0x00000000e0000000,0x00000000fb900000)
  from space 35840K, 69% used [0x00000000fdd00000,0x00000000ff548088,0x0000000100000000)
  to   space 36352K, 0% used [0x00000000fb900000,0x00000000fb900000,0x00000000fdc80000)
 ParOldGen       total 226816K, used 79071K [0x00000000a0000000, 0x00000000add80000, 0x00000000e0000000)
  object space 226816K, 34% used [0x00000000a0000000,0x00000000a4d37dd8,0x00000000add80000)
 Metaspace       used 100709K, capacity 106482K, committed 106624K, reserved 1142784K
  class space    used 13037K, capacity 14135K, committed 14208K, reserved 1048576K
}

